Build started 2014-06-04 12:44:51.
     1>Project "C:\Users\jakowskiuki\Documents\Visual Studio 2012\Projects\uNext\uNext\uNext.vcxproj" on node 2 (Build target(s)).
     1>ClCompile:
         C:\Program Files (x86)\Microsoft Visual Studio 11.0\VC\bin\CL.exe /c /I"C:\Users\jakowskiuki\Documents\Visual Studio 2012\Projects\libs\SDL2-2.0.3\include" /I"C:\Users\jakowskiuki\Documents\Visual Studio 2012\Projects\libs\SDL2_mixer-2.0.0\include" /I"C:\Users\jakowskiuki\Documents\Visual Studio 2012\Projects\libs\SDL2_image-2.0.0\include" /Zi /nologo /W3 /WX- /sdl /O2 /Oi /Oy- /GL /D _MBCS /Gm- /EHsc /MD /GS /Gy /fp:precise /Zc:wchar_t /Zc:forScope /Fo"Release\\" /Fd"Release\vc110.pdb" /Gd /TP /analyze- /errorReport:prompt Spring.cpp
         Spring.cpp
       Link:
         C:\Program Files (x86)\Microsoft Visual Studio 11.0\VC\bin\link.exe /ERRORREPORT:PROMPT /OUT:"C:\Users\jakowskiuki\Documents\Visual Studio 2012\Projects\uNext\Release\uNext.exe" /NOLOGO /LIBPATH:"C:\Users\jakowskiuki\Documents\Visual Studio 2012\Projects\libs\SDL2-2.0.3\lib\x86" /LIBPATH:"C:\Users\jakowskiuki\Documents\Visual Studio 2012\Projects\libs\SDL2_mixer-2.0.0\lib\x86" /LIBPATH:"C:\Users\jakowskiuki\Documents\Visual Studio 2012\Projects\libs\SDL2_image-2.0.0\lib\x86" SDL2.lib SDL2main.lib SDL2_mixer.lib SDL2_image.lib kernel32.lib user32.lib gdi32.lib winspool.lib comdlg32.lib advapi32.lib shell32.lib ole32.lib oleaut32.lib uuid.lib odbc32.lib odbccp32.lib /MANIFEST /MANIFESTUAC:"level='asInvoker' uiAccess='false'" /manifest:embed /PDB:"C:\Users\jakowskiuki\Documents\Visual Studio 2012\Projects\uNext\Release\uNext.pdb" /SUBSYSTEM:WINDOWS /OPT:REF /OPT:ICF /LTCG /TLBID:1 /DYNAMICBASE /NXCOMPAT /IMPLIB:"C:\Users\jakowskiuki\Documents\Visual Studio 2012\Projects\uNext\Release\uNext.lib" /MACHINE:X86 /SAFESEH Release\uNext.res
         Release\AboutMenu.obj
         Release\Beetle.obj
         Release\Block.obj
         Release\BlockDebris.obj
         Release\Bowser.obj
         Release\Bubble.obj
         Release\BulletBill.obj
         Release\BulletBillSpawner.obj
         Release\CFG.obj
         Release\Cheep.obj
         Release\CheepSpawner.obj
         Release\Coin.obj
         Release\Console.obj
         Release\Core.obj
         Release\Fire.obj
         Release\FireBall.obj
         Release\Flag.obj
         Release\Flower.obj
         Release\Goombas.obj
         Release\Hammer.obj
         Release\HammerBro.obj
         Release\IMG.obj
         Release\Koppa.obj
         Release\Event.obj
         Release\Lakito.obj
         Release\LevelEditor.obj
         Release\LevelText.obj
         Release\LoadingMenu.obj
         Release\main.obj
         Release\MainMenu.obj
         Release\Map.obj
         Release\MapLevel.obj
         Release\Menu.obj
         Release\MenuManager.obj
         Release\MenuOption.obj
         Release\Minion.obj
         Release\Mushroom.obj
         Release\Music.obj
         Release\OptionsMenu.obj
         Release\PauseMenu.obj
         Release\Pipe.obj
         Release\Plant.obj
         Release\Platform.obj
         Release\Player.obj
         Release\PlayerFireBall.obj
         Release\Points.obj
         Release\Spikey.obj
         Release\Spring.obj
         Release\Sprite.obj
         Release\Squid.obj
         Release\Star.obj
         Release\Text.obj
         Release\Toad.obj
         Release\UpFire.obj
         Release\Vector2.obj
         Release\Vine.obj
         Generating code
         Finished generating code
         uNext.vcxproj -> C:\Users\jakowskiuki\Documents\Visual Studio 2012\Projects\uNext\Release\uNext.exe
     1>Done Building Project "C:\Users\jakowskiuki\Documents\Visual Studio 2012\Projects\uNext\uNext\uNext.vcxproj" (Build target(s)).

Build succeeded.

Time Elapsed 00:00:12.90
